13:45:08.402 [main] INFO com.fortify.cli.common.util.FcliDataHelper -- Error reading file /home/kevinalee/.fortify/fcli/state/tools/delete-on-start.json
java.nio.file.NoSuchFileException: /home/kevinalee/.fortify/fcli/state/tools/delete-on-start.json
	at java.base@21.0.2/sun.nio.fs.UnixFileSystemProvider.newByteChannel(UnixFileSystemProvider.java:261)
	at java.base@21.0.2/java.nio.file.Files.newByteChannel(Files.java:379)
	at java.base@21.0.2/java.nio.file.Files.newByteChannel(Files.java:431)
	at java.base@21.0.2/java.nio.file.Files.readAllBytes(Files.java:3268)
	at java.base@21.0.2/java.nio.file.Files.readString(Files.java:3346)
	at com.fortify.cli.common.util.FcliDataHelper.readFile(FcliDataHelper.java:152)
	at com.fortify.cli.tool._common.helper.ToolUninstaller.deleteAllPending(ToolUninstaller.java:67)
	at com.fortify.cli.app.runner.util.FortifyCLIStaticInitializer.initialize(FortifyCLIStaticInitializer.java:54)
	at com.fortify.cli.app.runner.DefaultFortifyCLIRunner.createCommandLine(DefaultFortifyCLIRunner.java:36)
	at com.fortify.cli.app.runner.DefaultFortifyCLIRunner.run(DefaultFortifyCLIRunner.java:57)
	at com.fortify.cli.app.FortifyCLI.execute(FortifyCLI.java:38)
	at com.fortify.cli.app.FortifyCLI.main(FortifyCLI.java:32)
	at java.base@21.0.2/java.lang.invoke.LambdaForm$DMH/sa346b79c.invokeStaticInit(LambdaForm$DMH)
13:45:08.709 [main] DEBUG org.apache.http.client.protocol.RequestAddCookies -- CookieSpec selected: default
13:45:08.709 [main] DEBUG org.apache.http.client.protocol.RequestAuthCache -- Auth cache not set in the context
13:45:08.709 [main] DEBUG org.apache.http.impl.conn.PoolingHttpClientConnectionManager -- Connection request: [route: {s}->https://api.ams.fortify.com:443][total available: 0; route allocated: 0 of 20; total allocated: 0 of 200]
13:45:08.709 [main] DEBUG org.apache.http.impl.conn.PoolingHttpClientConnectionManager -- Connection leased: [id: 0][route: {s}->https://api.ams.fortify.com:443][total available: 0; route allocated: 1 of 20; total allocated: 1 of 200]
13:45:08.709 [main] DEBUG org.apache.http.impl.execchain.MainClientExec -- Opening connection {s}->https://api.ams.fortify.com:443
13:45:08.731 [main] DEBUG org.apache.http.impl.conn.DefaultHttpClientConnectionOperator -- Connecting to api.ams.fortify.com/54.188.9.220:443
13:45:08.731 [main] DEBUG org.apache.http.conn.ssl.SSLConnectionSocketFactory -- Connecting socket to api.ams.fortify.com/54.188.9.220:443 with timeout 10000
13:45:08.896 [main] DEBUG org.apache.http.conn.ssl.SSLConnectionSocketFactory -- Enabled protocols: [TLSv1.3, TLSv1.2]
13:45:08.896 [main] DEBUG org.apache.http.conn.ssl.SSLConnectionSocketFactory -- Enabled cipher suites:[TLS_AES_256_GCM_SHA384, TLS_AES_128_GCM_SHA256, TLS_CHACHA20_POLY1305_SHA256, TLS_ECDHE_ECDSA_WITH_AES_256_GCM_SHA384, TLS_ECDHE_ECDSA_WITH_AES_128_GCM_SHA256, TLS_ECDHE_ECDSA_WITH_CHACHA20_POLY1305_SHA256, TLS_ECDHE_RSA_WITH_AES_256_GCM_SHA384, TLS_ECDHE_RSA_WITH_CHACHA20_POLY1305_SHA256, TLS_ECDHE_RSA_WITH_AES_128_GCM_SHA256, TLS_DHE_RSA_WITH_AES_256_GCM_SHA384, TLS_DHE_RSA_WITH_CHACHA20_POLY1305_SHA256, TLS_DHE_DSS_WITH_AES_256_GCM_SHA384, TLS_DHE_RSA_WITH_AES_128_GCM_SHA256, TLS_DHE_DSS_WITH_AES_128_GCM_SHA256, TLS_ECDHE_ECDSA_WITH_AES_256_CBC_SHA384, TLS_ECDHE_RSA_WITH_AES_256_CBC_SHA384, TLS_ECDHE_ECDSA_WITH_AES_128_CBC_SHA256, TLS_ECDHE_RSA_WITH_AES_128_CBC_SHA256, TLS_DHE_RSA_WITH_AES_256_CBC_SHA256, TLS_DHE_DSS_WITH_AES_256_CBC_SHA256, TLS_DHE_RSA_WITH_AES_128_CBC_SHA256, TLS_DHE_DSS_WITH_AES_128_CBC_SHA256, TLS_ECDHE_ECDSA_WITH_AES_256_CBC_SHA, TLS_ECDHE_RSA_WITH_AES_256_CBC_SHA, TLS_ECDHE_ECDSA_WITH_AES_128_CBC_SHA, TLS_ECDHE_RSA_WITH_AES_128_CBC_SHA, TLS_DHE_RSA_WITH_AES_256_CBC_SHA, TLS_DHE_DSS_WITH_AES_256_CBC_SHA, TLS_DHE_RSA_WITH_AES_128_CBC_SHA, TLS_DHE_DSS_WITH_AES_128_CBC_SHA, TLS_RSA_WITH_AES_256_GCM_SHA384, TLS_RSA_WITH_AES_128_GCM_SHA256, TLS_RSA_WITH_AES_256_CBC_SHA256, TLS_RSA_WITH_AES_128_CBC_SHA256, TLS_RSA_WITH_AES_256_CBC_SHA, TLS_RSA_WITH_AES_128_CBC_SHA, TLS_EMPTY_RENEGOTIATION_INFO_SCSV]
13:45:08.896 [main] DEBUG org.apache.http.conn.ssl.SSLConnectionSocketFactory -- Starting handshake
13:45:09.231 [main] DEBUG org.apache.http.conn.ssl.SSLConnectionSocketFactory -- Secure session established
13:45:09.231 [main] DEBUG org.apache.http.conn.ssl.SSLConnectionSocketFactory --  negotiated protocol: TLSv1.2
13:45:09.231 [main] DEBUG org.apache.http.conn.ssl.SSLConnectionSocketFactory --  negotiated cipher suite: TLS_ECDHE_RSA_WITH_AES_128_GCM_SHA256
13:45:09.231 [main] DEBUG org.apache.http.conn.ssl.SSLConnectionSocketFactory --  peer principal: CN=ams.fortify.com
13:45:09.231 [main] DEBUG org.apache.http.conn.ssl.SSLConnectionSocketFactory --  peer alternative names: [ams.fortify.com, api.ams.fortify.com, admin.ams.fortify.com]
13:45:09.231 [main] DEBUG org.apache.http.conn.ssl.SSLConnectionSocketFactory --  issuer principal: CN=Amazon RSA 2048 M02, O=Amazon, C=US
13:45:09.231 [main] DEBUG org.apache.http.impl.conn.DefaultHttpClientConnectionOperator -- Connection established 172.27.75.5:52574<->54.188.9.220:443
13:45:09.231 [main] DEBUG org.apache.http.impl.conn.DefaultManagedHttpClientConnection -- http-outgoing-0: set socket timeout to 600000
13:45:09.232 [main] DEBUG org.apache.http.impl.execchain.MainClientExec -- Executing request GET /api/v3/releases/1293901/scans/12423408/polling-summary HTTP/1.1
13:45:09.232 [main] DEBUG org.apache.http.impl.execchain.MainClientExec -- Proxy auth state: UNCHALLENGED
13:45:09.232 [main] DEBUG org.apache.http.headers -- http-outgoing-0 >> GET /api/v3/releases/1293901/scans/12423408/polling-summary HTTP/1.1
13:45:09.232 [main] DEBUG org.apache.http.headers -- http-outgoing-0 >> Accept: application/json
13:45:09.232 [main] DEBUG org.apache.http.headers -- http-outgoing-0 >> Content-Type: application/json
13:45:09.232 [main] DEBUG org.apache.http.headers -- http-outgoing-0 >> Authorization: Bearer gAAAAA3dnyGNLu8c_1bReSJsH8yhY1fdEMA640Ql4mrX6VZDomRsYaDMJjb5HMDGVQ9gQLhF-VDniyyJ2Hmx8xDJv8gD3rXLcvLLtuz_-m5jk9tdlcdCqcBeUAsVxfQhx1g2Uutb11g0x0oHfEZrZXrq5qle2TTLYJzhu3G1y1HvlZPv9AIAAIAAAABRnBqGMr6LYwFfY1ya63WE02JtsU8bgQsB3UedsQw7veWu1K0Zw1IB9UGyJzkS5R_0rQBagizsGjhwT2yZswUwHbQuAL_uFImHZUxYJztGV4uNoGC-MDRflJOtpP1aI17VZkT3JA_0k2O1ElTBXsMzr7UwGkYOZVGx9F7-z3wNwFNCLE8YR9vKxDmDiNM7BeVDYRdFnmqCe_4YievdAaCghPHjUAQtxREONRXPSzgDFSuUov5O2r4EQ2Jb6VViNuRUzvTVCJ8zE3TxQPgd7TnS1WmceZuUo2nEfY5N2TIzwsWTTUyygOF8jijdD2EJggCHLD6TYLqmXgfaClXsdeYxbvKc7qhIUOkCHWm8R8fqazhLRfkIRE0l27gbcAH72Zwd8QRVoxy-OhHVmmOA_TtaZmRNy8oZYslhmhs5rUnAEIKJw4TCFPoO9ESYG9Qeu9DlVN8wtFCEQeQ9dvkKFSJqsDuSWbQ6sW0X-UI68lulcD3ctoPuS8-VPSSa2zsasaMyQ_ukD19RWdoP7inQHS4eswMAhdQCXUU-iwq8pinSs7_yju6-OEgWeCTrapGUARb4TzewGjamRdnROrwVKy0YkJaE4wnJ7BOAEw7O5s4SIfiPOqfX7ts1zdAQrPW7EYZ_H1uNmS-d1uWqmqcxYlS9_ydNqFfPn8nVRhT3Qwf2fauP0ImnVbAQSpaSoAo1v6IrbO_51A6Ha3IedXbq_p68EQVO-Q54sR2SBYxyJaOHcK3ASCixU6FtotTDAGwCUv3_l5LMj0wuCX5tVe0iCRFKRE_ztgllp0VapKr34O7mOKEcSYITgXlsp-QHFC5bwOty_jpa8F4XCjjZZop88WIv6Uc76VQ2Rx67CLFDeJp7v97WI5d-r3NWDULUySSF174r_FBG96wsYiPGC-VK1rjvlZYaM_Kf-IQB51T9Z4xtuBtrTXrmlOWs1uvZnz8jo7skl6Sh-g3gST_GCK2p5cRqTV6h-Ffc79uYhh13OBGgqw
13:45:09.232 [main] DEBUG org.apache.http.headers -- http-outgoing-0 >> user-agent: unirest-java/3.1.00
13:45:09.232 [main] DEBUG org.apache.http.headers -- http-outgoing-0 >> accept-encoding: gzip
13:45:09.232 [main] DEBUG org.apache.http.headers -- http-outgoing-0 >> Host: api.ams.fortify.com
13:45:09.232 [main] DEBUG org.apache.http.headers -- http-outgoing-0 >> Connection: Keep-Alive
13:45:09.232 [main] DEBUG org.apache.http.wire -- http-outgoing-0 >> "GET /api/v3/releases/1293901/scans/12423408/polling-summary HTTP/1.1[\r][\n]"
13:45:09.232 [main] DEBUG org.apache.http.wire -- http-outgoing-0 >> "Accept: application/json[\r][\n]"
13:45:09.232 [main] DEBUG org.apache.http.wire -- http-outgoing-0 >> "Content-Type: application/json[\r][\n]"
13:45:09.232 [main] DEBUG org.apache.http.wire -- http-outgoing-0 >> "Authorization: Bearer gAAAAA3dnyGNLu8c_1bReSJsH8yhY1fdEMA640Ql4mrX6VZDomRsYaDMJjb5HMDGVQ9gQLhF-VDniyyJ2Hmx8xDJv8gD3rXLcvLLtuz_-m5jk9tdlcdCqcBeUAsVxfQhx1g2Uutb11g0x0oHfEZrZXrq5qle2TTLYJzhu3G1y1HvlZPv9AIAAIAAAABRnBqGMr6LYwFfY1ya63WE02JtsU8bgQsB3UedsQw7veWu1K0Zw1IB9UGyJzkS5R_0rQBagizsGjhwT2yZswUwHbQuAL_uFImHZUxYJztGV4uNoGC-MDRflJOtpP1aI17VZkT3JA_0k2O1ElTBXsMzr7UwGkYOZVGx9F7-z3wNwFNCLE8YR9vKxDmDiNM7BeVDYRdFnmqCe_4YievdAaCghPHjUAQtxREONRXPSzgDFSuUov5O2r4EQ2Jb6VViNuRUzvTVCJ8zE3TxQPgd7TnS1WmceZuUo2nEfY5N2TIzwsWTTUyygOF8jijdD2EJggCHLD6TYLqmXgfaClXsdeYxbvKc7qhIUOkCHWm8R8fqazhLRfkIRE0l27gbcAH72Zwd8QRVoxy-OhHVmmOA_TtaZmRNy8oZYslhmhs5rUnAEIKJw4TCFPoO9ESYG9Qeu9DlVN8wtFCEQeQ9dvkKFSJqsDuSWbQ6sW0X-UI68lulcD3ctoPuS8-VPSSa2zsasaMyQ_ukD19RWdoP7inQHS4eswMAhdQCXUU-iwq8pinSs7_yju6-OEgWeCTrapGUARb4TzewGjamRdnROrwVKy0YkJaE4wnJ7BOAEw7O5s4SIfiPOqfX7ts1zdAQrPW7EYZ_H1uNmS-d1uWqmqcxYlS9_ydNqFfPn8nVRhT3Qwf2fauP0ImnVbAQSpaSoAo1v6IrbO_51A6Ha3IedXbq_p68EQVO-Q54sR2SBYxyJaOHcK3ASCixU6FtotTDAGwCUv3_l5LMj0wuCX5tVe0iCRFKRE_ztgllp0VapKr34O7mOKEcSYITgXlsp-QHFC5bwOty_jpa8F4XCjjZZop88WIv6Uc76VQ2Rx67CLFDeJp7v97WI5d-r3NWDULUySSF174r_FBG96wsYiPGC-VK1rjvlZYaM_Kf-IQB51T9Z4xtuBtrTXrmlOWs1uvZnz8jo7skl6Sh-g3gST_GCK2p5cRqTV6h-Ffc79uYhh13OBGgqw[\r][\n]"
13:45:09.232 [main] DEBUG org.apache.http.wire -- http-outgoing-0 >> "user-agent: unirest-java/3.1.00[\r][\n]"
13:45:09.232 [main] DEBUG org.apache.http.wire -- http-outgoing-0 >> "accept-encoding: gzip[\r][\n]"
13:45:09.232 [main] DEBUG org.apache.http.wire -- http-outgoing-0 >> "Host: api.ams.fortify.com[\r][\n]"
13:45:09.232 [main] DEBUG org.apache.http.wire -- http-outgoing-0 >> "Connection: Keep-Alive[\r][\n]"
13:45:09.232 [main] DEBUG org.apache.http.wire -- http-outgoing-0 >> "[\r][\n]"
13:45:09.578 [main] DEBUG org.apache.http.wire -- http-outgoing-0 << "HTTP/1.1 200 OK[\r][\n]"
13:45:09.578 [main] DEBUG org.apache.http.wire -- http-outgoing-0 << "Date: Fri, 18 Oct 2024 12:45:09 GMT[\r][\n]"
13:45:09.578 [main] DEBUG org.apache.http.wire -- http-outgoing-0 << "Content-Type: application/json; charset=utf-8[\r][\n]"
13:45:09.578 [main] DEBUG org.apache.http.wire -- http-outgoing-0 << "Content-Length: 400[\r][\n]"
13:45:09.578 [main] DEBUG org.apache.http.wire -- http-outgoing-0 << "Connection: keep-alive[\r][\n]"
13:45:09.578 [main] DEBUG org.apache.http.wire -- http-outgoing-0 << "Cache-Control: no-cache[\r][\n]"
13:45:09.578 [main] DEBUG org.apache.http.wire -- http-outgoing-0 << "Pragma: no-cache[\r][\n]"
13:45:09.578 [main] DEBUG org.apache.http.wire -- http-outgoing-0 << "Expires: -1[\r][\n]"
13:45:09.578 [main] DEBUG org.apache.http.wire -- http-outgoing-0 << "Server: Microsoft-IIS/10.0[\r][\n]"
13:45:09.578 [main] DEBUG org.apache.http.wire -- http-outgoing-0 << "CorrelationId: 8f77110b-2c9a-45a8-b86e-8f15f9e501cd[\r][\n]"
13:45:09.578 [main] DEBUG org.apache.http.wire -- http-outgoing-0 << "X-Rate-Limit: 10[\r][\n]"
13:45:09.578 [main] DEBUG org.apache.http.wire -- http-outgoing-0 << "X-Rate-Limit-Remaining: 9[\r][\n]"
13:45:09.578 [main] DEBUG org.apache.http.wire -- http-outgoing-0 << "X-Rate-Limit-Reset: 1[\r][\n]"
13:45:09.578 [main] DEBUG org.apache.http.wire -- http-outgoing-0 << "X-Powered-By: ASP.NET[\r][\n]"
13:45:09.578 [main] DEBUG org.apache.http.wire -- http-outgoing-0 << "X-UA-Compatible: IE=Edge[\r][\n]"
13:45:09.578 [main] DEBUG org.apache.http.wire -- http-outgoing-0 << "X-XSS-Protection: 1; mode=block[\r][\n]"
13:45:09.578 [main] DEBUG org.apache.http.wire -- http-outgoing-0 << "Strict-Transport-Security: max-age=31536000;includeSubDomains[\r][\n]"
13:45:09.578 [main] DEBUG org.apache.http.wire -- http-outgoing-0 << "X-Content-Type-Options: nosniff[\r][\n]"
13:45:09.578 [main] DEBUG org.apache.http.wire -- http-outgoing-0 << "[\r][\n]"
13:45:09.578 [main] DEBUG org.apache.http.wire -- http-outgoing-0 << "{"ScanId":12423408,"OpenSourceScanId":null,"TenantId":2935,"AnalysisStatusId":1,"OpenSourceStatusId":0,"AnalysisStatusTypeValue":"In_Progress","AnalysisStatusReasonId":null,"AnalysisStatusReason":"","AnalysisStatusReasonNotes":null,"IssueCountCritical":53,"IssueCountHigh":105,"IssueCountMedium":44,"IssueCountLow":16,"PassFailStatus":false,"PassFailReasonType":null,"PauseDetails":null,"ScanType":1}"
13:45:09.578 [main] DEBUG org.apache.http.headers -- http-outgoing-0 << HTTP/1.1 200 OK
13:45:09.578 [main] DEBUG org.apache.http.headers -- http-outgoing-0 << Date: Fri, 18 Oct 2024 12:45:09 GMT
13:45:09.578 [main] DEBUG org.apache.http.headers -- http-outgoing-0 << Content-Type: application/json; charset=utf-8
13:45:09.578 [main] DEBUG org.apache.http.headers -- http-outgoing-0 << Content-Length: 400
13:45:09.578 [main] DEBUG org.apache.http.headers -- http-outgoing-0 << Connection: keep-alive
13:45:09.578 [main] DEBUG org.apache.http.headers -- http-outgoing-0 << Cache-Control: no-cache
13:45:09.578 [main] DEBUG org.apache.http.headers -- http-outgoing-0 << Pragma: no-cache
13:45:09.578 [main] DEBUG org.apache.http.headers -- http-outgoing-0 << Expires: -1
13:45:09.578 [main] DEBUG org.apache.http.headers -- http-outgoing-0 << Server: Microsoft-IIS/10.0
13:45:09.578 [main] DEBUG org.apache.http.headers -- http-outgoing-0 << CorrelationId: 8f77110b-2c9a-45a8-b86e-8f15f9e501cd
13:45:09.578 [main] DEBUG org.apache.http.headers -- http-outgoing-0 << X-Rate-Limit: 10
13:45:09.578 [main] DEBUG org.apache.http.headers -- http-outgoing-0 << X-Rate-Limit-Remaining: 9
13:45:09.578 [main] DEBUG org.apache.http.headers -- http-outgoing-0 << X-Rate-Limit-Reset: 1
13:45:09.578 [main] DEBUG org.apache.http.headers -- http-outgoing-0 << X-Powered-By: ASP.NET
13:45:09.578 [main] DEBUG org.apache.http.headers -- http-outgoing-0 << X-UA-Compatible: IE=Edge
13:45:09.578 [main] DEBUG org.apache.http.headers -- http-outgoing-0 << X-XSS-Protection: 1; mode=block
13:45:09.578 [main] DEBUG org.apache.http.headers -- http-outgoing-0 << Strict-Transport-Security: max-age=31536000;includeSubDomains
13:45:09.578 [main] DEBUG org.apache.http.headers -- http-outgoing-0 << X-Content-Type-Options: nosniff
13:45:09.578 [main] DEBUG org.apache.http.impl.execchain.MainClientExec -- Connection can be kept alive indefinitely
13:45:09.578 [main] DEBUG org.apache.http.impl.conn.PoolingHttpClientConnectionManager -- Connection [id: 0][route: {s}->https://api.ams.fortify.com:443] can be kept alive indefinitely
13:45:09.578 [main] DEBUG org.apache.http.impl.conn.DefaultManagedHttpClientConnection -- http-outgoing-0: set socket timeout to 0
13:45:09.578 [main] DEBUG org.apache.http.impl.conn.PoolingHttpClientConnectionManager -- Connection released: [id: 0][route: {s}->https://api.ams.fortify.com:443][total available: 1; route allocated: 1 of 20; total allocated: 1 of 200]
13:45:09.578 [main] DEBUG org.apache.http.impl.execchain.MainClientExec -- Cancelling request execution
13:45:38.709 [Connection evictor] DEBUG org.apache.http.impl.conn.PoolingHttpClientConnectionManager -- Closing expired connections
13:45:38.709 [Connection evictor] DEBUG org.apache.http.impl.conn.PoolingHttpClientConnectionManager -- Closing connections idle longer than 30000 MILLISECONDS
13:45:39.581 [main] DEBUG org.apache.http.client.protocol.RequestAddCookies -- CookieSpec selected: default
13:45:39.581 [main] DEBUG org.apache.http.client.protocol.RequestAuthCache -- Auth cache not set in the context
13:45:39.581 [main] DEBUG org.apache.http.impl.conn.PoolingHttpClientConnectionManager -- Connection request: [route: {s}->https://api.ams.fortify.com:443][total available: 1; route allocated: 1 of 20; total allocated: 1 of 200]
13:45:39.583 [main] DEBUG org.apache.http.wire -- http-outgoing-0 << "[read] I/O error: Read timed out"
13:45:39.583 [main] DEBUG org.apache.http.impl.conn.PoolingHttpClientConnectionManager -- Connection leased: [id: 0][route: {s}->https://api.ams.fortify.com:443][total available: 0; route allocated: 1 of 20; total allocated: 1 of 200]
13:45:39.583 [main] DEBUG org.apache.http.impl.conn.DefaultManagedHttpClientConnection -- http-outgoing-0: set socket timeout to 0
13:45:39.583 [main] DEBUG org.apache.http.impl.conn.DefaultManagedHttpClientConnection -- http-outgoing-0: set socket timeout to 600000
13:45:39.583 [main] DEBUG org.apache.http.impl.execchain.MainClientExec -- Executing request GET /api/v3/releases/1293901/scans/12423408/polling-summary HTTP/1.1
13:45:39.583 [main] DEBUG org.apache.http.impl.execchain.MainClientExec -- Proxy auth state: UNCHALLENGED
13:45:39.583 [main] DEBUG org.apache.http.headers -- http-outgoing-0 >> GET /api/v3/releases/1293901/scans/12423408/polling-summary HTTP/1.1
13:45:39.583 [main] DEBUG org.apache.http.headers -- http-outgoing-0 >> Accept: application/json
13:45:39.583 [main] DEBUG org.apache.http.headers -- http-outgoing-0 >> Content-Type: application/json
13:45:39.583 [main] DEBUG org.apache.http.headers -- http-outgoing-0 >> Authorization: Bearer gAAAAA3dnyGNLu8c_1bReSJsH8yhY1fdEMA640Ql4mrX6VZDomRsYaDMJjb5HMDGVQ9gQLhF-VDniyyJ2Hmx8xDJv8gD3rXLcvLLtuz_-m5jk9tdlcdCqcBeUAsVxfQhx1g2Uutb11g0x0oHfEZrZXrq5qle2TTLYJzhu3G1y1HvlZPv9AIAAIAAAABRnBqGMr6LYwFfY1ya63WE02JtsU8bgQsB3UedsQw7veWu1K0Zw1IB9UGyJzkS5R_0rQBagizsGjhwT2yZswUwHbQuAL_uFImHZUxYJztGV4uNoGC-MDRflJOtpP1aI17VZkT3JA_0k2O1ElTBXsMzr7UwGkYOZVGx9F7-z3wNwFNCLE8YR9vKxDmDiNM7BeVDYRdFnmqCe_4YievdAaCghPHjUAQtxREONRXPSzgDFSuUov5O2r4EQ2Jb6VViNuRUzvTVCJ8zE3TxQPgd7TnS1WmceZuUo2nEfY5N2TIzwsWTTUyygOF8jijdD2EJggCHLD6TYLqmXgfaClXsdeYxbvKc7qhIUOkCHWm8R8fqazhLRfkIRE0l27gbcAH72Zwd8QRVoxy-OhHVmmOA_TtaZmRNy8oZYslhmhs5rUnAEIKJw4TCFPoO9ESYG9Qeu9DlVN8wtFCEQeQ9dvkKFSJqsDuSWbQ6sW0X-UI68lulcD3ctoPuS8-VPSSa2zsasaMyQ_ukD19RWdoP7inQHS4eswMAhdQCXUU-iwq8pinSs7_yju6-OEgWeCTrapGUARb4TzewGjamRdnROrwVKy0YkJaE4wnJ7BOAEw7O5s4SIfiPOqfX7ts1zdAQrPW7EYZ_H1uNmS-d1uWqmqcxYlS9_ydNqFfPn8nVRhT3Qwf2fauP0ImnVbAQSpaSoAo1v6IrbO_51A6Ha3IedXbq_p68EQVO-Q54sR2SBYxyJaOHcK3ASCixU6FtotTDAGwCUv3_l5LMj0wuCX5tVe0iCRFKRE_ztgllp0VapKr34O7mOKEcSYITgXlsp-QHFC5bwOty_jpa8F4XCjjZZop88WIv6Uc76VQ2Rx67CLFDeJp7v97WI5d-r3NWDULUySSF174r_FBG96wsYiPGC-VK1rjvlZYaM_Kf-IQB51T9Z4xtuBtrTXrmlOWs1uvZnz8jo7skl6Sh-g3gST_GCK2p5cRqTV6h-Ffc79uYhh13OBGgqw
13:45:39.583 [main] DEBUG org.apache.http.headers -- http-outgoing-0 >> user-agent: unirest-java/3.1.00
13:45:39.583 [main] DEBUG org.apache.http.headers -- http-outgoing-0 >> accept-encoding: gzip
13:45:39.583 [main] DEBUG org.apache.http.headers -- http-outgoing-0 >> Host: api.ams.fortify.com
13:45:39.583 [main] DEBUG org.apache.http.headers -- http-outgoing-0 >> Connection: Keep-Alive
13:45:39.583 [main] DEBUG org.apache.http.wire -- http-outgoing-0 >> "GET /api/v3/releases/1293901/scans/12423408/polling-summary HTTP/1.1[\r][\n]"
13:45:39.583 [main] DEBUG org.apache.http.wire -- http-outgoing-0 >> "Accept: application/json[\r][\n]"
13:45:39.583 [main] DEBUG org.apache.http.wire -- http-outgoing-0 >> "Content-Type: application/json[\r][\n]"
13:45:39.584 [main] DEBUG org.apache.http.wire -- http-outgoing-0 >> "Authorization: Bearer gAAAAA3dnyGNLu8c_1bReSJsH8yhY1fdEMA640Ql4mrX6VZDomRsYaDMJjb5HMDGVQ9gQLhF-VDniyyJ2Hmx8xDJv8gD3rXLcvLLtuz_-m5jk9tdlcdCqcBeUAsVxfQhx1g2Uutb11g0x0oHfEZrZXrq5qle2TTLYJzhu3G1y1HvlZPv9AIAAIAAAABRnBqGMr6LYwFfY1ya63WE02JtsU8bgQsB3UedsQw7veWu1K0Zw1IB9UGyJzkS5R_0rQBagizsGjhwT2yZswUwHbQuAL_uFImHZUxYJztGV4uNoGC-MDRflJOtpP1aI17VZkT3JA_0k2O1ElTBXsMzr7UwGkYOZVGx9F7-z3wNwFNCLE8YR9vKxDmDiNM7BeVDYRdFnmqCe_4YievdAaCghPHjUAQtxREONRXPSzgDFSuUov5O2r4EQ2Jb6VViNuRUzvTVCJ8zE3TxQPgd7TnS1WmceZuUo2nEfY5N2TIzwsWTTUyygOF8jijdD2EJggCHLD6TYLqmXgfaClXsdeYxbvKc7qhIUOkCHWm8R8fqazhLRfkIRE0l27gbcAH72Zwd8QRVoxy-OhHVmmOA_TtaZmRNy8oZYslhmhs5rUnAEIKJw4TCFPoO9ESYG9Qeu9DlVN8wtFCEQeQ9dvkKFSJqsDuSWbQ6sW0X-UI68lulcD3ctoPuS8-VPSSa2zsasaMyQ_ukD19RWdoP7inQHS4eswMAhdQCXUU-iwq8pinSs7_yju6-OEgWeCTrapGUARb4TzewGjamRdnROrwVKy0YkJaE4wnJ7BOAEw7O5s4SIfiPOqfX7ts1zdAQrPW7EYZ_H1uNmS-d1uWqmqcxYlS9_ydNqFfPn8nVRhT3Qwf2fauP0ImnVbAQSpaSoAo1v6IrbO_51A6Ha3IedXbq_p68EQVO-Q54sR2SBYxyJaOHcK3ASCixU6FtotTDAGwCUv3_l5LMj0wuCX5tVe0iCRFKRE_ztgllp0VapKr34O7mOKEcSYITgXlsp-QHFC5bwOty_jpa8F4XCjjZZop88WIv6Uc76VQ2Rx67CLFDeJp7v97WI5d-r3NWDULUySSF174r_FBG96wsYiPGC-VK1rjvlZYaM_Kf-IQB51T9Z4xtuBtrTXrmlOWs1uvZnz8jo7skl6Sh-g3gST_GCK2p5cRqTV6h-Ffc79uYhh13OBGgqw[\r][\n]"
13:45:39.584 [main] DEBUG org.apache.http.wire -- http-outgoing-0 >> "user-agent: unirest-java/3.1.00[\r][\n]"
13:45:39.584 [main] DEBUG org.apache.http.wire -- http-outgoing-0 >> "accept-encoding: gzip[\r][\n]"
13:45:39.584 [main] DEBUG org.apache.http.wire -- http-outgoing-0 >> "Host: api.ams.fortify.com[\r][\n]"
13:45:39.584 [main] DEBUG org.apache.http.wire -- http-outgoing-0 >> "Connection: Keep-Alive[\r][\n]"
13:45:39.584 [main] DEBUG org.apache.http.wire -- http-outgoing-0 >> "[\r][\n]"
13:45:39.890 [main] DEBUG org.apache.http.wire -- http-outgoing-0 << "HTTP/1.1 200 OK[\r][\n]"
13:45:39.890 [main] DEBUG org.apache.http.wire -- http-outgoing-0 << "Date: Fri, 18 Oct 2024 12:45:39 GMT[\r][\n]"
13:45:39.890 [main] DEBUG org.apache.http.wire -- http-outgoing-0 << "Content-Type: application/json; charset=utf-8[\r][\n]"
13:45:39.890 [main] DEBUG org.apache.http.wire -- http-outgoing-0 << "Content-Length: 400[\r][\n]"
13:45:39.890 [main] DEBUG org.apache.http.wire -- http-outgoing-0 << "Connection: keep-alive[\r][\n]"
13:45:39.890 [main] DEBUG org.apache.http.wire -- http-outgoing-0 << "Cache-Control: no-cache[\r][\n]"
13:45:39.890 [main] DEBUG org.apache.http.wire -- http-outgoing-0 << "Pragma: no-cache[\r][\n]"
13:45:39.890 [main] DEBUG org.apache.http.wire -- http-outgoing-0 << "Expires: -1[\r][\n]"
13:45:39.890 [main] DEBUG org.apache.http.wire -- http-outgoing-0 << "Server: Microsoft-IIS/10.0[\r][\n]"
13:45:39.891 [main] DEBUG org.apache.http.wire -- http-outgoing-0 << "CorrelationId: 78bf5f46-a93f-40db-91d0-c6ab5570a55d[\r][\n]"
13:45:39.891 [main] DEBUG org.apache.http.wire -- http-outgoing-0 << "X-Rate-Limit: 10[\r][\n]"
13:45:39.891 [main] DEBUG org.apache.http.wire -- http-outgoing-0 << "X-Rate-Limit-Remaining: 9[\r][\n]"
13:45:39.891 [main] DEBUG org.apache.http.wire -- http-outgoing-0 << "X-Rate-Limit-Reset: 1[\r][\n]"
13:45:39.891 [main] DEBUG org.apache.http.wire -- http-outgoing-0 << "X-Powered-By: ASP.NET[\r][\n]"
13:45:39.891 [main] DEBUG org.apache.http.wire -- http-outgoing-0 << "X-UA-Compatible: IE=Edge[\r][\n]"
13:45:39.891 [main] DEBUG org.apache.http.wire -- http-outgoing-0 << "X-XSS-Protection: 1; mode=block[\r][\n]"
13:45:39.891 [main] DEBUG org.apache.http.wire -- http-outgoing-0 << "Strict-Transport-Security: max-age=31536000;includeSubDomains[\r][\n]"
13:45:39.891 [main] DEBUG org.apache.http.wire -- http-outgoing-0 << "X-Content-Type-Options: nosniff[\r][\n]"
13:45:39.891 [main] DEBUG org.apache.http.wire -- http-outgoing-0 << "[\r][\n]"
13:45:39.891 [main] DEBUG org.apache.http.wire -- http-outgoing-0 << "{"ScanId":12423408,"OpenSourceScanId":null,"TenantId":2935,"AnalysisStatusId":1,"OpenSourceStatusId":0,"AnalysisStatusTypeValue":"In_Progress","AnalysisStatusReasonId":null,"AnalysisStatusReason":"","AnalysisStatusReasonNotes":null,"IssueCountCritical":53,"IssueCountHigh":105,"IssueCountMedium":44,"IssueCountLow":16,"PassFailStatus":false,"PassFailReasonType":null,"PauseDetails":null,"ScanType":1}"
13:45:39.891 [main] DEBUG org.apache.http.headers -- http-outgoing-0 << HTTP/1.1 200 OK
13:45:39.891 [main] DEBUG org.apache.http.headers -- http-outgoing-0 << Date: Fri, 18 Oct 2024 12:45:39 GMT
13:45:39.891 [main] DEBUG org.apache.http.headers -- http-outgoing-0 << Content-Type: application/json; charset=utf-8
13:45:39.891 [main] DEBUG org.apache.http.headers -- http-outgoing-0 << Content-Length: 400
13:45:39.891 [main] DEBUG org.apache.http.headers -- http-outgoing-0 << Connection: keep-alive
13:45:39.891 [main] DEBUG org.apache.http.headers -- http-outgoing-0 << Cache-Control: no-cache
13:45:39.891 [main] DEBUG org.apache.http.headers -- http-outgoing-0 << Pragma: no-cache
13:45:39.891 [main] DEBUG org.apache.http.headers -- http-outgoing-0 << Expires: -1
13:45:39.891 [main] DEBUG org.apache.http.headers -- http-outgoing-0 << Server: Microsoft-IIS/10.0
13:45:39.891 [main] DEBUG org.apache.http.headers -- http-outgoing-0 << CorrelationId: 78bf5f46-a93f-40db-91d0-c6ab5570a55d
13:45:39.891 [main] DEBUG org.apache.http.headers -- http-outgoing-0 << X-Rate-Limit: 10
13:45:39.891 [main] DEBUG org.apache.http.headers -- http-outgoing-0 << X-Rate-Limit-Remaining: 9
13:45:39.891 [main] DEBUG org.apache.http.headers -- http-outgoing-0 << X-Rate-Limit-Reset: 1
13:45:39.891 [main] DEBUG org.apache.http.headers -- http-outgoing-0 << X-Powered-By: ASP.NET
13:45:39.891 [main] DEBUG org.apache.http.headers -- http-outgoing-0 << X-UA-Compatible: IE=Edge
13:45:39.891 [main] DEBUG org.apache.http.headers -- http-outgoing-0 << X-XSS-Protection: 1; mode=block
13:45:39.891 [main] DEBUG org.apache.http.headers -- http-outgoing-0 << Strict-Transport-Security: max-age=31536000;includeSubDomains
13:45:39.891 [main] DEBUG org.apache.http.headers -- http-outgoing-0 << X-Content-Type-Options: nosniff
13:45:39.891 [main] DEBUG org.apache.http.impl.execchain.MainClientExec -- Connection can be kept alive indefinitely
13:45:39.891 [main] DEBUG org.apache.http.impl.conn.PoolingHttpClientConnectionManager -- Connection [id: 0][route: {s}->https://api.ams.fortify.com:443] can be kept alive indefinitely
13:45:39.891 [main] DEBUG org.apache.http.impl.conn.DefaultManagedHttpClientConnection -- http-outgoing-0: set socket timeout to 0
13:45:39.891 [main] DEBUG org.apache.http.impl.conn.PoolingHttpClientConnectionManager -- Connection released: [id: 0][route: {s}->https://api.ams.fortify.com:443][total available: 1; route allocated: 1 of 20; total allocated: 1 of 200]
13:45:39.892 [main] DEBUG org.apache.http.impl.execchain.MainClientExec -- Cancelling request execution
13:46:08.709 [Connection evictor] DEBUG org.apache.http.impl.conn.PoolingHttpClientConnectionManager -- Closing expired connections
13:46:08.709 [Connection evictor] DEBUG org.apache.http.impl.conn.PoolingHttpClientConnectionManager -- Closing connections idle longer than 30000 MILLISECONDS
13:46:09.896 [main] DEBUG org.apache.http.client.protocol.RequestAddCookies -- CookieSpec selected: default
13:46:09.896 [main] DEBUG org.apache.http.client.protocol.RequestAuthCache -- Auth cache not set in the context
13:46:09.896 [main] DEBUG org.apache.http.impl.conn.PoolingHttpClientConnectionManager -- Connection request: [route: {s}->https://api.ams.fortify.com:443][total available: 1; route allocated: 1 of 20; total allocated: 1 of 200]
13:46:09.898 [main] DEBUG org.apache.http.wire -- http-outgoing-0 << "[read] I/O error: Read timed out"
13:46:09.898 [main] DEBUG org.apache.http.impl.conn.PoolingHttpClientConnectionManager -- Connection leased: [id: 0][route: {s}->https://api.ams.fortify.com:443][total available: 0; route allocated: 1 of 20; total allocated: 1 of 200]
13:46:09.898 [main] DEBUG org.apache.http.impl.conn.DefaultManagedHttpClientConnection -- http-outgoing-0: set socket timeout to 0
13:46:09.898 [main] DEBUG org.apache.http.impl.conn.DefaultManagedHttpClientConnection -- http-outgoing-0: set socket timeout to 600000
13:46:09.898 [main] DEBUG org.apache.http.impl.execchain.MainClientExec -- Executing request GET /api/v3/releases/1293901/scans/12423408/polling-summary HTTP/1.1
13:46:09.898 [main] DEBUG org.apache.http.impl.execchain.MainClientExec -- Proxy auth state: UNCHALLENGED
13:46:09.898 [main] DEBUG org.apache.http.headers -- http-outgoing-0 >> GET /api/v3/releases/1293901/scans/12423408/polling-summary HTTP/1.1
13:46:09.898 [main] DEBUG org.apache.http.headers -- http-outgoing-0 >> Accept: application/json
13:46:09.898 [main] DEBUG org.apache.http.headers -- http-outgoing-0 >> Content-Type: application/json
13:46:09.898 [main] DEBUG org.apache.http.headers -- http-outgoing-0 >> Authorization: Bearer gAAAAA3dnyGNLu8c_1bReSJsH8yhY1fdEMA640Ql4mrX6VZDomRsYaDMJjb5HMDGVQ9gQLhF-VDniyyJ2Hmx8xDJv8gD3rXLcvLLtuz_-m5jk9tdlcdCqcBeUAsVxfQhx1g2Uutb11g0x0oHfEZrZXrq5qle2TTLYJzhu3G1y1HvlZPv9AIAAIAAAABRnBqGMr6LYwFfY1ya63WE02JtsU8bgQsB3UedsQw7veWu1K0Zw1IB9UGyJzkS5R_0rQBagizsGjhwT2yZswUwHbQuAL_uFImHZUxYJztGV4uNoGC-MDRflJOtpP1aI17VZkT3JA_0k2O1ElTBXsMzr7UwGkYOZVGx9F7-z3wNwFNCLE8YR9vKxDmDiNM7BeVDYRdFnmqCe_4YievdAaCghPHjUAQtxREONRXPSzgDFSuUov5O2r4EQ2Jb6VViNuRUzvTVCJ8zE3TxQPgd7TnS1WmceZuUo2nEfY5N2TIzwsWTTUyygOF8jijdD2EJggCHLD6TYLqmXgfaClXsdeYxbvKc7qhIUOkCHWm8R8fqazhLRfkIRE0l27gbcAH72Zwd8QRVoxy-OhHVmmOA_TtaZmRNy8oZYslhmhs5rUnAEIKJw4TCFPoO9ESYG9Qeu9DlVN8wtFCEQeQ9dvkKFSJqsDuSWbQ6sW0X-UI68lulcD3ctoPuS8-VPSSa2zsasaMyQ_ukD19RWdoP7inQHS4eswMAhdQCXUU-iwq8pinSs7_yju6-OEgWeCTrapGUARb4TzewGjamRdnROrwVKy0YkJaE4wnJ7BOAEw7O5s4SIfiPOqfX7ts1zdAQrPW7EYZ_H1uNmS-d1uWqmqcxYlS9_ydNqFfPn8nVRhT3Qwf2fauP0ImnVbAQSpaSoAo1v6IrbO_51A6Ha3IedXbq_p68EQVO-Q54sR2SBYxyJaOHcK3ASCixU6FtotTDAGwCUv3_l5LMj0wuCX5tVe0iCRFKRE_ztgllp0VapKr34O7mOKEcSYITgXlsp-QHFC5bwOty_jpa8F4XCjjZZop88WIv6Uc76VQ2Rx67CLFDeJp7v97WI5d-r3NWDULUySSF174r_FBG96wsYiPGC-VK1rjvlZYaM_Kf-IQB51T9Z4xtuBtrTXrmlOWs1uvZnz8jo7skl6Sh-g3gST_GCK2p5cRqTV6h-Ffc79uYhh13OBGgqw
13:46:09.898 [main] DEBUG org.apache.http.headers -- http-outgoing-0 >> user-agent: unirest-java/3.1.00
13:46:09.898 [main] DEBUG org.apache.http.headers -- http-outgoing-0 >> accept-encoding: gzip
13:46:09.898 [main] DEBUG org.apache.http.headers -- http-outgoing-0 >> Host: api.ams.fortify.com
13:46:09.898 [main] DEBUG org.apache.http.headers -- http-outgoing-0 >> Connection: Keep-Alive
13:46:09.898 [main] DEBUG org.apache.http.wire -- http-outgoing-0 >> "GET /api/v3/releases/1293901/scans/12423408/polling-summary HTTP/1.1[\r][\n]"
13:46:09.898 [main] DEBUG org.apache.http.wire -- http-outgoing-0 >> "Accept: application/json[\r][\n]"
13:46:09.898 [main] DEBUG org.apache.http.wire -- http-outgoing-0 >> "Content-Type: application/json[\r][\n]"
13:46:09.898 [main] DEBUG org.apache.http.wire -- http-outgoing-0 >> "Authorization: Bearer gAAAAA3dnyGNLu8c_1bReSJsH8yhY1fdEMA640Ql4mrX6VZDomRsYaDMJjb5HMDGVQ9gQLhF-VDniyyJ2Hmx8xDJv8gD3rXLcvLLtuz_-m5jk9tdlcdCqcBeUAsVxfQhx1g2Uutb11g0x0oHfEZrZXrq5qle2TTLYJzhu3G1y1HvlZPv9AIAAIAAAABRnBqGMr6LYwFfY1ya63WE02JtsU8bgQsB3UedsQw7veWu1K0Zw1IB9UGyJzkS5R_0rQBagizsGjhwT2yZswUwHbQuAL_uFImHZUxYJztGV4uNoGC-MDRflJOtpP1aI17VZkT3JA_0k2O1ElTBXsMzr7UwGkYOZVGx9F7-z3wNwFNCLE8YR9vKxDmDiNM7BeVDYRdFnmqCe_4YievdAaCghPHjUAQtxREONRXPSzgDFSuUov5O2r4EQ2Jb6VViNuRUzvTVCJ8zE3TxQPgd7TnS1WmceZuUo2nEfY5N2TIzwsWTTUyygOF8jijdD2EJggCHLD6TYLqmXgfaClXsdeYxbvKc7qhIUOkCHWm8R8fqazhLRfkIRE0l27gbcAH72Zwd8QRVoxy-OhHVmmOA_TtaZmRNy8oZYslhmhs5rUnAEIKJw4TCFPoO9ESYG9Qeu9DlVN8wtFCEQeQ9dvkKFSJqsDuSWbQ6sW0X-UI68lulcD3ctoPuS8-VPSSa2zsasaMyQ_ukD19RWdoP7inQHS4eswMAhdQCXUU-iwq8pinSs7_yju6-OEgWeCTrapGUARb4TzewGjamRdnROrwVKy0YkJaE4wnJ7BOAEw7O5s4SIfiPOqfX7ts1zdAQrPW7EYZ_H1uNmS-d1uWqmqcxYlS9_ydNqFfPn8nVRhT3Qwf2fauP0ImnVbAQSpaSoAo1v6IrbO_51A6Ha3IedXbq_p68EQVO-Q54sR2SBYxyJaOHcK3ASCixU6FtotTDAGwCUv3_l5LMj0wuCX5tVe0iCRFKRE_ztgllp0VapKr34O7mOKEcSYITgXlsp-QHFC5bwOty_jpa8F4XCjjZZop88WIv6Uc76VQ2Rx67CLFDeJp7v97WI5d-r3NWDULUySSF174r_FBG96wsYiPGC-VK1rjvlZYaM_Kf-IQB51T9Z4xtuBtrTXrmlOWs1uvZnz8jo7skl6Sh-g3gST_GCK2p5cRqTV6h-Ffc79uYhh13OBGgqw[\r][\n]"
13:46:09.899 [main] DEBUG org.apache.http.wire -- http-outgoing-0 >> "user-agent: unirest-java/3.1.00[\r][\n]"
13:46:09.899 [main] DEBUG org.apache.http.wire -- http-outgoing-0 >> "accept-encoding: gzip[\r][\n]"
13:46:09.899 [main] DEBUG org.apache.http.wire -- http-outgoing-0 >> "Host: api.ams.fortify.com[\r][\n]"
13:46:09.899 [main] DEBUG org.apache.http.wire -- http-outgoing-0 >> "Connection: Keep-Alive[\r][\n]"
13:46:09.899 [main] DEBUG org.apache.http.wire -- http-outgoing-0 >> "[\r][\n]"
13:46:10.203 [main] DEBUG org.apache.http.wire -- http-outgoing-0 << "HTTP/1.1 200 OK[\r][\n]"
13:46:10.204 [main] DEBUG org.apache.http.wire -- http-outgoing-0 << "Date: Fri, 18 Oct 2024 12:46:10 GMT[\r][\n]"
13:46:10.204 [main] DEBUG org.apache.http.wire -- http-outgoing-0 << "Content-Type: application/json; charset=utf-8[\r][\n]"
13:46:10.204 [main] DEBUG org.apache.http.wire -- http-outgoing-0 << "Content-Length: 400[\r][\n]"
13:46:10.204 [main] DEBUG org.apache.http.wire -- http-outgoing-0 << "Connection: keep-alive[\r][\n]"
13:46:10.204 [main] DEBUG org.apache.http.wire -- http-outgoing-0 << "Cache-Control: no-cache[\r][\n]"
13:46:10.204 [main] DEBUG org.apache.http.wire -- http-outgoing-0 << "Pragma: no-cache[\r][\n]"
13:46:10.204 [main] DEBUG org.apache.http.wire -- http-outgoing-0 << "Expires: -1[\r][\n]"
13:46:10.204 [main] DEBUG org.apache.http.wire -- http-outgoing-0 << "Server: Microsoft-IIS/10.0[\r][\n]"
13:46:10.204 [main] DEBUG org.apache.http.wire -- http-outgoing-0 << "CorrelationId: a29f000a-034a-4366-bc9a-fe81470f8142[\r][\n]"
13:46:10.204 [main] DEBUG org.apache.http.wire -- http-outgoing-0 << "X-Rate-Limit: 10[\r][\n]"
13:46:10.204 [main] DEBUG org.apache.http.wire -- http-outgoing-0 << "X-Rate-Limit-Remaining: 9[\r][\n]"
13:46:10.204 [main] DEBUG org.apache.http.wire -- http-outgoing-0 << "X-Rate-Limit-Reset: 1[\r][\n]"
13:46:10.204 [main] DEBUG org.apache.http.wire -- http-outgoing-0 << "X-Powered-By: ASP.NET[\r][\n]"
13:46:10.204 [main] DEBUG org.apache.http.wire -- http-outgoing-0 << "X-UA-Compatible: IE=Edge[\r][\n]"
13:46:10.204 [main] DEBUG org.apache.http.wire -- http-outgoing-0 << "X-XSS-Protection: 1; mode=block[\r][\n]"
13:46:10.204 [main] DEBUG org.apache.http.wire -- http-outgoing-0 << "Strict-Transport-Security: max-age=31536000;includeSubDomains[\r][\n]"
13:46:10.204 [main] DEBUG org.apache.http.wire -- http-outgoing-0 << "X-Content-Type-Options: nosniff[\r][\n]"
13:46:10.204 [main] DEBUG org.apache.http.wire -- http-outgoing-0 << "[\r][\n]"
13:46:10.204 [main] DEBUG org.apache.http.wire -- http-outgoing-0 << "{"ScanId":12423408,"OpenSourceScanId":null,"TenantId":2935,"AnalysisStatusId":1,"OpenSourceStatusId":0,"AnalysisStatusTypeValue":"In_Progress","AnalysisStatusReasonId":null,"AnalysisStatusReason":"","AnalysisStatusReasonNotes":null,"IssueCountCritical":53,"IssueCountHigh":105,"IssueCountMedium":44,"IssueCountLow":16,"PassFailStatus":false,"PassFailReasonType":null,"PauseDetails":null,"ScanType":1}"
13:46:10.204 [main] DEBUG org.apache.http.headers -- http-outgoing-0 << HTTP/1.1 200 OK
13:46:10.204 [main] DEBUG org.apache.http.headers -- http-outgoing-0 << Date: Fri, 18 Oct 2024 12:46:10 GMT
13:46:10.204 [main] DEBUG org.apache.http.headers -- http-outgoing-0 << Content-Type: application/json; charset=utf-8
13:46:10.204 [main] DEBUG org.apache.http.headers -- http-outgoing-0 << Content-Length: 400
13:46:10.204 [main] DEBUG org.apache.http.headers -- http-outgoing-0 << Connection: keep-alive
13:46:10.204 [main] DEBUG org.apache.http.headers -- http-outgoing-0 << Cache-Control: no-cache
13:46:10.204 [main] DEBUG org.apache.http.headers -- http-outgoing-0 << Pragma: no-cache
13:46:10.204 [main] DEBUG org.apache.http.headers -- http-outgoing-0 << Expires: -1
13:46:10.204 [main] DEBUG org.apache.http.headers -- http-outgoing-0 << Server: Microsoft-IIS/10.0
13:46:10.204 [main] DEBUG org.apache.http.headers -- http-outgoing-0 << CorrelationId: a29f000a-034a-4366-bc9a-fe81470f8142
13:46:10.204 [main] DEBUG org.apache.http.headers -- http-outgoing-0 << X-Rate-Limit: 10
13:46:10.204 [main] DEBUG org.apache.http.headers -- http-outgoing-0 << X-Rate-Limit-Remaining: 9
13:46:10.204 [main] DEBUG org.apache.http.headers -- http-outgoing-0 << X-Rate-Limit-Reset: 1
13:46:10.204 [main] DEBUG org.apache.http.headers -- http-outgoing-0 << X-Powered-By: ASP.NET
13:46:10.204 [main] DEBUG org.apache.http.headers -- http-outgoing-0 << X-UA-Compatible: IE=Edge
13:46:10.204 [main] DEBUG org.apache.http.headers -- http-outgoing-0 << X-XSS-Protection: 1; mode=block
13:46:10.204 [main] DEBUG org.apache.http.headers -- http-outgoing-0 << Strict-Transport-Security: max-age=31536000;includeSubDomains
13:46:10.204 [main] DEBUG org.apache.http.headers -- http-outgoing-0 << X-Content-Type-Options: nosniff
13:46:10.204 [main] DEBUG org.apache.http.impl.execchain.MainClientExec -- Connection can be kept alive indefinitely
13:46:10.205 [main] DEBUG org.apache.http.impl.conn.PoolingHttpClientConnectionManager -- Connection [id: 0][route: {s}->https://api.ams.fortify.com:443] can be kept alive indefinitely
13:46:10.205 [main] DEBUG org.apache.http.impl.conn.DefaultManagedHttpClientConnection -- http-outgoing-0: set socket timeout to 0
13:46:10.205 [main] DEBUG org.apache.http.impl.conn.PoolingHttpClientConnectionManager -- Connection released: [id: 0][route: {s}->https://api.ams.fortify.com:443][total available: 1; route allocated: 1 of 20; total allocated: 1 of 200]
13:46:10.205 [main] DEBUG org.apache.http.impl.execchain.MainClientExec -- Cancelling request execution
